<?xml version="1.0" encoding="UTF-8"?>
<testsuite name="docker.swarm.test.TestApplicationTests" tests="1" skipped="0" failures="0" errors="0" timestamp="2023-01-16T06:23:17" hostname="jojeonghyeon-ui-MacBookAir.local" time="0.32">
  <properties/>
  <testcase name="contextLoads()" classname="docker.swarm.test.TestApplicationTests" time="0.32"/>
  <system-out><![CDATA[15:23:14.686 [Test worker] DEBUG org.springframework.test.context.BootstrapUtils - Instantiating CacheAwareContextLoaderDelegate from class [org.springframework.test.context.cache.DefaultCacheAwareContextLoaderDelegate]
15:23:14.696 [Test worker] DEBUG org.springframework.test.context.BootstrapUtils - Instantiating BootstrapContext using constructor [public org.springframework.test.context.support.DefaultBootstrapContext(java.lang.Class,org.springframework.test.context.CacheAwareContextLoaderDelegate)]
15:23:14.736 [Test worker] DEBUG org.springframework.test.context.BootstrapUtils - Instantiating TestContextBootstrapper for test class [docker.swarm.test.TestApplicationTests] from class [org.springframework.boot.test.context.SpringBootTestContextBootstrapper]
15:23:14.745 [Test worker] INFO org.springframework.boot.test.context.SpringBootTestContextBootstrapper - Neither @ContextConfiguration nor @ContextHierarchy found for test class [docker.swarm.test.TestApplicationTests], using SpringBootContextLoader
15:23:14.751 [Test worker] DEBUG org.springframework.test.context.support.AbstractContextLoader - Did not detect default resource location for test class [docker.swarm.test.TestApplicationTests]: class path resource [docker/swarm/test/TestApplicationTests-context.xml] does not exist
15:23:14.753 [Test worker] DEBUG org.springframework.test.context.support.AbstractContextLoader - Did not detect default resource location for test class [docker.swarm.test.TestApplicationTests]: class path resource [docker/swarm/test/TestApplicationTestsContext.groovy] does not exist
15:23:14.755 [Test worker] INFO org.springframework.test.context.support.AbstractContextLoader - Could not detect default resource locations for test class [docker.swarm.test.TestApplicationTests]: no resource found for suffixes {-context.xml, Context.groovy}.
15:23:14.756 [Test worker] INFO org.springframework.test.context.support.AnnotationConfigContextLoaderUtils - Could not detect default configuration classes for test class [docker.swarm.test.TestApplicationTests]: TestApplicationTests does not declare any static, non-private, non-final, nested classes annotated with @Configuration.
15:23:14.799 [Test worker] DEBUG org.springframework.test.context.support.ActiveProfilesUtils - Could not find an 'annotation declaring class' for annotation type [org.springframework.test.context.ActiveProfiles] and class [docker.swarm.test.TestApplicationTests]
15:23:14.861 [Test worker] DEBUG org.springframework.context.annotation.ClassPathScanningCandidateComponentProvider - Identified candidate component class: file [/Users/jo/Desktop/Docker-Swarm-practice/build/classes/java/main/docker/swarm/test/TestApplication.class]
15:23:14.863 [Test worker] INFO org.springframework.boot.test.context.SpringBootTestContextBootstrapper - Found @SpringBootConfiguration docker.swarm.test.TestApplication for test class docker.swarm.test.TestApplicationTests
15:23:14.934 [Test worker] DEBUG org.springframework.boot.test.context.SpringBootTestContextBootstrapper - @TestExecutionListeners is not present for class [docker.swarm.test.TestApplicationTests]: using defaults.
15:23:14.936 [Test worker] INFO org.springframework.boot.test.context.SpringBootTestContextBootstrapper - Loaded default TestExecutionListener class names from location [META-INF/spring.factories]: [org.springframework.boot.test.autoconfigure.restdocs.RestDocsTestExecutionListener, org.springframework.boot.test.autoconfigure.web.client.MockRestServiceServerResetTestExecutionListener, org.springframework.boot.test.autoconfigure.web.servlet.MockMvcPrintOnlyOnFailureTestExecutionListener, org.springframework.boot.test.autoconfigure.web.servlet.WebDriverTestExecutionListener, org.springframework.boot.test.autoconfigure.webservices.client.MockWebServiceServerTestExecutionListener, org.springframework.boot.test.mock.mockito.MockitoTestExecutionListener, org.springframework.boot.test.mock.mockito.ResetMocksTestExecutionListener, org.springframework.test.context.web.ServletTestExecutionListener, org.springframework.test.context.support.DirtiesContextBeforeModesTestExecutionListener, org.springframework.test.context.event.ApplicationEventsTestExecutionListener, org.springframework.test.context.support.DependencyInjectionTestExecutionListener, org.springframework.test.context.support.DirtiesContextTestExecutionListener, org.springframework.test.context.transaction.TransactionalTestExecutionListener, org.springframework.test.context.jdbc.SqlScriptsTestExecutionListener, org.springframework.test.context.event.EventPublishingTestExecutionListener]
15:23:14.946 [Test worker] DEBUG org.springframework.boot.test.context.SpringBootTestContextBootstrapper - Skipping candidate TestExecutionListener [org.springframework.test.context.transaction.TransactionalTestExecutionListener] due to a missing dependency. Specify custom listener classes or make the default listener classes and their required dependencies available. Offending class: [org.springframework.transaction.interceptor.TransactionAttributeSource]
15:23:14.947 [Test worker] DEBUG org.springframework.boot.test.context.SpringBootTestContextBootstrapper - Skipping candidate TestExecutionListener [org.springframework.test.context.jdbc.SqlScriptsTestExecutionListener] due to a missing dependency. Specify custom listener classes or make the default listener classes and their required dependencies available. Offending class: [org.springframework.transaction.interceptor.TransactionAttribute]
15:23:14.949 [Test worker] INFO org.springframework.boot.test.context.SpringBootTestContextBootstrapper - Using TestExecutionListeners: [org.springframework.test.context.web.ServletTestExecutionListener@f34406de, org.springframework.test.context.support.DirtiesContextBeforeModesTestExecutionListener@8c76f237, org.springframework.test.context.event.ApplicationEventsTestExecutionListener@ae7b0383, org.springframework.boot.test.mock.mockito.MockitoTestExecutionListener@b596eb72, org.springframework.boot.test.autoconfigure.SpringBootDependencyInjectionTestExecutionListener@552140a3, org.springframework.test.context.support.DirtiesContextTestExecutionListener@2ab24b08, org.springframework.test.context.event.EventPublishingTestExecutionListener@7e068835, org.springframework.boot.test.autoconfigure.restdocs.RestDocsTestExecutionListener@1fa03584, org.springframework.boot.test.autoconfigure.web.client.MockRestServiceServerResetTestExecutionListener@f6cb5091, org.springframework.boot.test.autoconfigure.web.servlet.MockMvcPrintOnlyOnFailureTestExecutionListener@cdd05fa7, org.springframework.boot.test.autoconfigure.web.servlet.WebDriverTestExecutionListener@822f2863, org.springframework.boot.test.autoconfigure.webservices.client.MockWebServiceServerTestExecutionListener@23c077d9, org.springframework.boot.test.mock.mockito.ResetMocksTestExecutionListener@e2e5bb68]
15:23:14.953 [Test worker] DEBUG org.springframework.test.context.support.AbstractDirtiesContextTestExecutionListener - Before test class: context [DefaultTestContext@18b5a5cb testClass = TestApplicationTests, testInstance = [null], testMethod = [null], testException = [null], mergedContextConfiguration = [WebMergedContextConfiguration@d2a2fc64 testClass = TestApplicationTests, locations = '{}', classes = '{class docker.swarm.test.TestApplication}', contextInitializerClasses = '[]', activeProfiles = '{}', propertySourceLocations = '{}', propertySourceProperties = '{org.springframework.boot.test.context.SpringBootTestContextBootstrapper=true}', contextCustomizers = set[org.springframework.boot.test.autoconfigure.actuate.metrics.MetricsExportContextCustomizerFactory$DisableMetricExportContextCustomizer@705b7eab, org.springframework.boot.test.autoconfigure.properties.PropertyMappingContextCustomizer@0, org.springframework.boot.test.autoconfigure.web.servlet.WebDriverContextCustomizerFactory$Customizer@8ff307a, org.springframework.boot.test.context.filter.ExcludeFilterContextCustomizer@dc357b6d, org.springframework.boot.test.json.DuplicateJsonObjectContextCustomizerFactory$DuplicateJsonObjectContextCustomizer@53aae028, org.springframework.boot.test.mock.mockito.MockitoContextCustomizer@0, org.springframework.boot.test.web.client.TestRestTemplateContextCustomizer@d5fd7f84, org.springframework.boot.test.context.SpringBootTestArgs@1, org.springframework.boot.test.context.SpringBootTestWebEnvironment@b54a3f7b], resourceBasePath = 'src/main/webapp', contextLoader = 'org.springframework.boot.test.context.SpringBootContextLoader', parent = [null]], attributes = map['org.springframework.test.context.web.ServletTestExecutionListener.activateListener' -> true]], class annotated with @DirtiesContext [false] with mode [null].

  .   ____          _            __ _ _
 /\\ / ___'_ __ _ _(_)_ __  __ _ \ \ \ \
( ( )\___ | '_ | '_| | '_ \/ _` | \ \ \ \
 \\/  ___)| |_)| | | | | || (_| |  ) ) ) )
  '  |____| .__|_| |_|_| |_\__, | / / / /
 =========|_|==============|___/=/_/_/_/
 :: Spring Boot ::                (v2.7.7)

2023-01-16 15:23:15.391  INFO 81576 --- [    Test worker] docker.swarm.test.TestApplicationTests   : Starting TestApplicationTests using Java 16.0.1 on jojeonghyeon-ui-MacBookAir.local with PID 81576 (started by jo in /Users/jo/Desktop/Docker-Swarm-practice)
2023-01-16 15:23:15.394  INFO 81576 --- [    Test worker] docker.swarm.test.TestApplicationTests   : No active profile set, falling back to 1 default profile: "default"
2023-01-16 15:23:17.129  INFO 81576 --- [    Test worker] docker.swarm.test.TestApplicationTests   : Started TestApplicationTests in 2.138 seconds (JVM running for 3.455)
]]></system-out>
  <system-err><![CDATA[]]></system-err>
</testsuite>
